======================================================================
RAPTOR : enquete_responses -> raptor_enquete_summaries
======================================================================
Source : 246 chunks
Cible : raptor_enquete_summaries (recréée)
Chargement BGE-M3...

--- Vue : enquete_cat_age*csp ---
  26 groupes, 22 avec >= 2 chunks
  [OK] cat_age=15-29, csp=Étudiant(e) (N=48)
  [OK] cat_age=15-29, csp=Salarié(e) – Employé(e) (N=11)
  [OK] cat_age=15-29, csp=Fonctionnaire (N=4)
  [OK] cat_age=15-29, csp=Sans emploi (en recherche d'emploi) (N=2)
  [OK] cat_age=15-29, csp=Salarié(e) – Cadre ou profession intermédiaire (N=2)
  [OK] cat_age=30-44, csp=Fonctionnaire (N=13)
  [OK] cat_age=30-44, csp=Salarié(e) – Employé(e) (N=17)
  [OK] cat_age=30-44, csp=Travailleur(se) indépendant(e) / Entrepreneur(e) (N=8)
  [OK] cat_age=30-44, csp=Salarié(e) – Cadre ou profession intermédiaire (N=16)
  [OK] cat_age=30-44, csp=Étudiant(e) (N=3)
  [OK] cat_age=30-44, csp=Autre (N=2)
  [OK] cat_age=30-44, csp=Agriculteur(trice), artisan(e) ou commerçant(e) (N=3)
  [OK] cat_age=45-59, csp=Fonctionnaire (N=25)
  [OK] cat_age=45-59, csp=Salarié(e) – Employé(e) (N=12)
  [OK] cat_age=45-59, csp=Agriculteur(trice), artisan(e) ou commerçant(e) (N=4)
  [OK] cat_age=45-59, csp=Travailleur(se) indépendant(e) / Entrepreneur(e) (N=9)
  [OK] cat_age=45-59, csp=Salarié(e) – Cadre ou profession intermédiaire (N=34)
  [OK] cat_age=60-74, csp=Retraité(e) (N=7)
  [OK] cat_age=60-74, csp=Fonctionnaire (N=5)
  [OK] cat_age=60-74, csp=Salarié(e) – Cadre ou profession intermédiaire (N=4)
  [OK] cat_age=60-74, csp=Salarié(e) – Employé(e) (N=4)
  [OK] cat_age=60-74, csp=Travailleur(se) indépendant(e) / Entrepreneur(e) (N=3)

--- Vue : enquete_cat_age*commune ---
  106 groupes, 30 avec >= 2 chunks
  [OK] cat_age=15-29, commune=Ajaccio (N=14)
  [OK] cat_age=15-29, commune=Corte (N=18)
  [OK] cat_age=15-29, commune=Bastia (N=3)
  [OK] cat_age=15-29, commune=Moltifao (N=2)
  [OK] cat_age=15-29, commune=Lucciana (N=2)
  [OK] cat_age=15-29, commune=Aleria (N=3)
  [OK] cat_age=15-29, commune=Furiani (N=3)
  [OK] cat_age=30-44, commune=Corte (N=16)
  [OK] cat_age=30-44, commune=Bastia (N=7)
  [OK] cat_age=30-44, commune=Ajaccio (N=11)
  [OK] cat_age=30-44, commune=Castirla (N=2)
  [OK] cat_age=30-44, commune=Porto-Vecchio (N=2)
  [OK] cat_age=30-44, commune=Venaco (N=2)
  [OK] cat_age=30-44, commune=Bastelicaccia (N=2)
  [OK] cat_age=45-59, commune=Ajaccio (N=20)
  [OK] cat_age=45-59, commune=Corte (N=14)
  [OK] cat_age=45-59, commune=Bastia (N=12)
  [OK] cat_age=45-59, commune=Porto-Vecchio (N=3)
  [OK] cat_age=45-59, commune=Ghisonaccia (N=2)
  [OK] cat_age=45-59, commune=Aleria (N=2)
  [OK] cat_age=45-59, commune=Biguglia (N=2)
  [OK] cat_age=45-59, commune=Afa (N=2)
  [OK] cat_age=45-59, commune=Penta-di-Casinca (N=2)
  [OK] cat_age=45-59, commune=Furiani (N=2)
  [OK] cat_age=60-74, commune=Ajaccio (N=6)
  [OK] cat_age=60-74, commune=Penta-di-Casinca (N=2)
  [OK] cat_age=60-74, commune=Cervione (N=2)
  [OK] cat_age=60-74, commune=Corte (N=2)
  [OK] cat_age=60-74, commune=Inconnue (N=2)
  [OK] cat_age=60-74, commune=Lucciana (N=2)

--- Vue : enquete_csp*commune ---
  127 groupes, 25 avec >= 2 chunks
  [OK] csp=Étudiant(e), commune=Ajaccio (N=12)
  [OK] csp=Étudiant(e), commune=Corte (N=16)
  [OK] csp=Salarié(e) – Employé(e), commune=Corte (N=8)
  [OK] csp=Étudiant(e), commune=Bastia (N=2)
  [OK] csp=Étudiant(e), commune=Moltifao (N=2)
  [OK] csp=Salarié(e) – Employé(e), commune=Bastia (N=6)
  [OK] csp=Salarié(e) – Employé(e), commune=Omessa (N=2)
  [OK] csp=Étudiant(e), commune=Lucciana (N=2)
  [OK] csp=Salarié(e) – Employé(e), commune=Aleria (N=3)
  [OK] csp=Salarié(e) – Cadre ou profession intermédiaire, commune=Biguglia (N=3)
  [OK] csp=Salarié(e) – Cadre ou profession intermédiaire, commune=Ajaccio (N=17)
  [OK] csp=Étudiant(e), commune=Furiani (N=2)
  [OK] csp=Salarié(e) – Employé(e), commune=Ajaccio (N=8)
  [OK] csp=Fonctionnaire, commune=Corte (N=16)
  [OK] csp=Salarié(e) – Cadre ou profession intermédiaire, commune=Bastia (N=6)
  [OK] csp=Salarié(e) – Cadre ou profession intermédiaire, commune=Corte (N=9)
  [OK] csp=Fonctionnaire, commune=Ajaccio (N=9)
  [OK] csp=Fonctionnaire, commune=Bastia (N=5)
  [OK] csp=Étudiant(e), commune=Castirla (N=2)
  [OK] csp=Travailleur(se) indépendant(e) / Entrepreneur(e), commune=Ajaccio (N=2)
  [OK] csp=Salarié(e) – Cadre ou profession intermédiaire, commune=Porto-Vecchio (N=2)
  [OK] csp=Travailleur(se) indépendant(e) / Entrepreneur(e), commune=Bastia (N=2)
  [OK] csp=Agriculteur(trice), artisan(e) ou commerçant(e), commune=Linguizzetta (N=3)
  [OK] csp=Travailleur(se) indépendant(e) / Entrepreneur(e), commune=Porto-Vecchio (N=3)
  [OK] csp=Autre, commune=Ajaccio (N=2)

--- Vue : enquete_cat_age ---
  4 groupes, 4 avec >= 2 chunks
  [OK] cat_age=15-29 (N=68)
  [OK] cat_age=30-44 (N=62)
  [OK] cat_age=45-59 (N=85)
  [OK] cat_age=60-74 (N=25)

--- Vue : enquete_csp ---
  9 groupes, 9 avec >= 2 chunks
  [OK] csp=Étudiant(e) (N=51)
  [OK] csp=Salarié(e) – Employé(e) (N=44)
  [OK] csp=Agriculteur(trice), artisan(e) ou commerçant(e) (N=9)
  [OK] csp=Fonctionnaire (N=47)
  [OK] csp=Sans emploi (en recherche d'emploi) (N=2)
  [OK] csp=Salarié(e) – Cadre ou profession intermédiaire (N=56)
  [OK] csp=Travailleur(se) indépendant(e) / Entrepreneur(e) (N=20)
  [OK] csp=Autre (N=4)
  [OK] csp=Retraité(e) (N=13)

--- Vue : enquete_commune ---
  70 groupes, 29 avec >= 2 chunks
  [OK] commune=Ajaccio (N=51)
  [OK] commune=Corte (N=50)
  [OK] commune=Bastia (N=23)
  [OK] commune=Calvi (N=3)
  [OK] commune=Porto-Vecchio (N=7)
  [OK] commune=Moltifao (N=2)
  [OK] commune=Azilone-Ampaza (N=2)
  [OK] commune=Alata (N=3)
  [OK] commune=Omessa (N=2)
  [OK] commune=San-Martino-di-Lota (N=3)
  [OK] commune=Bastelicaccia (N=5)
  [OK] commune=Lucciana (N=5)
  [OK] commune=Sarrola-Carcopino (N=2)
  [OK] commune=Aleria (N=6)
  [OK] commune=Biguglia (N=4)
  [OK] commune=Borgo (N=3)
  [OK] commune=Furiani (N=6)
  [OK] commune=Castirla (N=2)
  [OK] commune=Venaco (N=2)
  [OK] commune=Grosseto-Prugna (N=2)
  [OK] commune=Ghisonaccia (N=3)
  [OK] commune=Luri (N=2)
  [OK] commune=Linguizzetta (N=3)
  [OK] commune=Santa-Lucia-di-Moriani (N=2)
  [OK] commune=Morosaglia (N=2)
  [OK] commune=Afa (N=2)
  [OK] commune=Penta-di-Casinca (N=4)
  [OK] commune=Cervione (N=2)
  [OK] commune=Inconnue (N=2)

======================================================================
BUILD TERMINÉ : 119 synthèses générées
  enquete_cat_age*csp: 22
  enquete_cat_age*commune: 30
  enquete_csp*commune: 25
  enquete_cat_age: 4
  enquete_csp: 9
  enquete_commune: 29
======================================================================
